[00:52:27] [main/ERROR]: Failed to load properties from file: server.properties
[00:52:27] [main/INFO]: Environment: authHost='https://authserver.mojang.com', accountsHost='https://api.mojang.com', sessionHost='https://sessionserver.mojang.com', servicesHost='https://api.minecraftservices.com', name='PROD'
[00:52:28] [main/WARN]: Ambiguity between arguments [teleport, destination] and [teleport, targets] with inputs: [Player, 0123, @e, dd12be42-52a9-4a91-a8a1-11c01849e498]
[00:52:28] [main/WARN]: Ambiguity between arguments [teleport, location] and [teleport, destination] with inputs: [0.1 -0.5 .9, 0 0 0]
[00:52:28] [main/WARN]: Ambiguity between arguments [teleport, location] and [teleport, targets] with inputs: [0.1 -0.5 .9, 0 0 0]
[00:52:28] [main/WARN]: Ambiguity between arguments [teleport, targets] and [teleport, destination] with inputs: [Player, 0123, dd12be42-52a9-4a91-a8a1-11c01849e498]
[00:52:28] [main/WARN]: Ambiguity between arguments [teleport, targets, location] and [teleport, targets, destination] with inputs: [0.1 -0.5 .9, 0 0 0]
[00:52:28] [main/INFO]: Reloading ResourceManager: Default
[00:52:29] [Worker-Main-2/INFO]: Loaded 7 recipes
[00:52:30] [Worker-Main-2/INFO]: Loaded 927 advancements
[00:52:32] [Server thread/INFO]: Starting minecraft server version 1.16.5
[00:52:32] [Server thread/INFO]: Loading properties
[00:52:32] [Server thread/INFO]: Default game type: SURVIVAL
[00:52:32] [Server thread/INFO]: Generating keypair
[00:52:32] [Server thread/INFO]: Starting Minecraft server on *:25565
[00:52:32] [Server thread/INFO]: Using epoll channel type
[00:52:32] [Server thread/INFO]: Preparing level "world"
[00:52:33] [Server thread/WARN]: Unable to find spawn biome
[00:52:39] [Server thread/INFO]: Preparing start region for dimension minecraft:overworld
[00:52:39] [Worker-Main-2/INFO]: Preparing spawn area: 0%
[00:52:39] [Worker-Main-2/INFO]: Preparing spawn area: 0%
[00:52:40] [Worker-Main-2/INFO]: Preparing spawn area: 0%
[00:52:40] [Worker-Main-2/INFO]: Preparing spawn area: 0%
[00:52:41] [Worker-Main-2/INFO]: Preparing spawn area: 0%
[00:52:41] [Worker-Main-2/INFO]: Preparing spawn area: 1%
[00:52:42] [Worker-Main-2/INFO]: Preparing spawn area: 2%
[00:52:42] [Worker-Main-2/INFO]: Preparing spawn area: 3%
[00:52:43] [Worker-Main-2/INFO]: Preparing spawn area: 4%
[00:52:43] [Worker-Main-2/INFO]: Preparing spawn area: 5%
[00:52:44] [Worker-Main-2/INFO]: Preparing spawn area: 6%
[00:52:44] [Worker-Main-2/INFO]: Preparing spawn area: 7%
[00:52:45] [Worker-Main-2/INFO]: Preparing spawn area: 8%
[00:52:45] [Worker-Main-2/INFO]: Preparing spawn area: 9%
[00:52:46] [Worker-Main-2/INFO]: Preparing spawn area: 10%
[00:52:46] [Worker-Main-2/INFO]: Preparing spawn area: 12%
[00:52:47] [Worker-Main-2/INFO]: Preparing spawn area: 13%
[00:52:47] [Worker-Main-2/INFO]: Preparing spawn area: 14%
[00:52:48] [Worker-Main-2/INFO]: Preparing spawn area: 15%
[00:52:48] [Worker-Main-2/INFO]: Preparing spawn area: 16%
[00:52:49] [Worker-Main-2/INFO]: Preparing spawn area: 19%
[00:52:49] [Worker-Main-2/INFO]: Preparing spawn area: 20%
[00:52:50] [Worker-Main-2/INFO]: Preparing spawn area: 21%
[00:52:50] [Worker-Main-2/INFO]: Preparing spawn area: 22%
[00:52:51] [Worker-Main-2/INFO]: Preparing spawn area: 24%
[00:52:51] [Worker-Main-2/INFO]: Preparing spawn area: 26%
[00:52:52] [Worker-Main-2/INFO]: Preparing spawn area: 27%
[00:52:52] [Worker-Main-2/INFO]: Preparing spawn area: 29%
[00:52:53] [Worker-Main-2/INFO]: Preparing spawn area: 30%
[00:52:53] [Worker-Main-2/INFO]: Preparing spawn area: 31%
[00:52:54] [Worker-Main-2/INFO]: Preparing spawn area: 32%
[00:52:54] [Worker-Main-2/INFO]: Preparing spawn area: 34%
[00:52:55] [Worker-Main-2/INFO]: Preparing spawn area: 35%
[00:52:55] [Worker-Main-2/INFO]: Preparing spawn area: 37%
[00:52:56] [Worker-Main-2/INFO]: Preparing spawn area: 39%
[00:52:56] [Worker-Main-2/INFO]: Preparing spawn area: 40%
[00:52:57] [Worker-Main-2/INFO]: Preparing spawn area: 42%
[00:52:57] [Worker-Main-2/INFO]: Preparing spawn area: 44%
[00:52:58] [Worker-Main-2/INFO]: Preparing spawn area: 45%
[00:52:58] [Worker-Main-2/INFO]: Preparing spawn area: 48%
[00:52:59] [Worker-Main-2/INFO]: Preparing spawn area: 49%
[00:52:59] [Worker-Main-2/INFO]: Preparing spawn area: 52%
[00:53:00] [Worker-Main-2/INFO]: Preparing spawn area: 54%
[00:53:00] [Worker-Main-2/INFO]: Preparing spawn area: 55%
[00:53:01] [Worker-Main-2/INFO]: Preparing spawn area: 57%
[00:53:01] [Worker-Main-2/INFO]: Preparing spawn area: 58%
[00:53:02] [Worker-Main-2/INFO]: Preparing spawn area: 60%
[00:53:02] [Worker-Main-2/INFO]: Preparing spawn area: 63%
[00:53:03] [Worker-Main-2/INFO]: Preparing spawn area: 65%
[00:53:03] [Worker-Main-2/INFO]: Preparing spawn area: 67%
[00:53:04] [Worker-Main-2/INFO]: Preparing spawn area: 68%
[00:53:04] [Worker-Main-2/INFO]: Preparing spawn area: 70%
[00:53:05] [Worker-Main-2/INFO]: Preparing spawn area: 72%
[00:53:05] [Worker-Main-2/INFO]: Preparing spawn area: 74%
[00:53:06] [Worker-Main-2/INFO]: Preparing spawn area: 77%
[00:53:06] [Worker-Main-2/INFO]: Preparing spawn area: 79%
[00:53:07] [Worker-Main-2/INFO]: Preparing spawn area: 81%
[00:53:07] [Worker-Main-2/INFO]: Preparing spawn area: 83%
[00:53:08] [Worker-Main-2/INFO]: Preparing spawn area: 84%
[00:53:08] [Worker-Main-2/INFO]: Preparing spawn area: 86%
[00:53:09] [Worker-Main-2/INFO]: Preparing spawn area: 89%
[00:53:09] [Worker-Main-2/INFO]: Preparing spawn area: 91%
[00:53:10] [Worker-Main-2/INFO]: Preparing spawn area: 93%
[00:53:10] [Worker-Main-2/INFO]: Preparing spawn area: 95%
[00:53:11] [Worker-Main-2/INFO]: Preparing spawn area: 97%
[00:53:11] [Worker-Main-2/INFO]: Preparing spawn area: 99%
[00:53:11] [Server thread/INFO]: Time elapsed: 32609 ms
[00:53:11] [Server thread/INFO]: Done (38.965s)! For help, type "help"
[00:53:12] [Server thread/INFO]: Unknown or incomplete command, see below for error
[00:53:12] [Server thread/INFO]: /home/codespace/.python/current/bin/python3 /workspaces/MV.server/server.py<--[HERE]
[00:53:12] [Server thread/INFO]: Unknown or incomplete command, see below for error
[00:53:12] [Server thread/INFO]: /home/codespace/.python/current/bin/python3 /workspaces/MV.server/server.py<--[HERE]
[00:53:12] [Server thread/INFO]: Unknown or incomplete command, see below for error
[00:53:12] [Server thread/INFO]: /home/codespace/.python/current/bin/python3 /workspaces/MV.server/server.py<--[HERE]
[00:53:12] [Server thread/INFO]: Unknown or incomplete command, see below for error
[00:53:12] [Server thread/INFO]: /home/codespace/.python/current/bin/python3 /workspaces/MV.server/server.py<--[HERE]
[00:53:12] [Server thread/INFO]: Unknown or incomplete command, see below for error
[00:53:12] [Server thread/INFO]: /home/codespace/.python/current/bin/python3 /workspaces/MV.server/server.py<--[HERE]
[00:53:12] [Server thread/INFO]: Unknown or incomplete command, see below for error
[00:53:12] [Server thread/INFO]: /home/codespace/.python/current/bin/python3 /workspaces/MV.server/server.py<--[HERE]
[00:56:33] [Server thread/INFO]: Unknown or incomplete command, see below for error
[00:56:33] [Server thread/INFO]: /home/codespace/.python/current/bin/python3 /workspaces/MV.server/server.py<--[HERE]
[01:00:22] [Server thread/INFO]: Unknown or incomplete command, see below for error
[01:00:22] [Server thread/INFO]: /home/codespace/.python/current/bin/python3 /workspaces/MV.server/server.py<--[HERE]
